--------------------------------------------------------------------------------
[Jun 01, 2025 8:01:11.0 AM GMT:ERROR:creative_new_tab_page_ads_util.cc(114)] Successfully saved creative new tab page ads
[Jun 01, 2025 8:01:11.0 AM GMT:ERROR:creative_new_tab_page_ads_util.cc(101)] Successfully saved creative set conversions
--------------------------------------------------------------------------------
[Jun 01, 2025 8:37:40.8 AM GMT:ERROR:creative_new_tab_page_ads_util.cc(114)] Successfully saved creative new tab page ads
[Jun 01, 2025 8:37:40.8 AM GMT:ERROR:creative_new_tab_page_ads_util.cc(101)] Successfully saved creative set conversions
--------------------------------------------------------------------------------
[Jun 01, 2025 1:24:58.9 PM GMT:ERROR:creative_new_tab_page_ads_util.cc(114)] Successfully saved creative new tab page ads
[Jun 01, 2025 1:24:59.0 PM GMT:ERROR:creative_new_tab_page_ads_util.cc(101)] Successfully saved creative set conversions
--------------------------------------------------------------------------------
[Jun 01, 2025 1:51:23.2 PM GMT:ERROR:creative_new_tab_page_ads_util.cc(114)] Successfully saved creative new tab page ads
[Jun 01, 2025 1:51:23.2 PM GMT:ERROR:creative_new_tab_page_ads_util.cc(101)] Successfully saved creative set conversions
--------------------------------------------------------------------------------
[Jun 01, 2025 2:02:50.2 PM GMT:ERROR:creative_new_tab_page_ads_util.cc(114)] Successfully saved creative new tab page ads
[Jun 01, 2025 2:02:50.2 PM GMT:ERROR:creative_new_tab_page_ads_util.cc(101)] Successfully saved creative set conversions
--------------------------------------------------------------------------------
[Jun 01, 2025 3:17:23.2 PM GMT:ERROR:creative_new_tab_page_ads_util.cc(114)] Successfully saved creative new tab page ads
[Jun 01, 2025 3:17:23.2 PM GMT:ERROR:creative_new_tab_page_ads_util.cc(101)] Successfully saved creative set conversions
--------------------------------------------------------------------------------
[Jun 01, 2025 3:25:32.3 PM GMT:ERROR:creative_new_tab_page_ads_util.cc(114)] Successfully saved creative new tab page ads
[Jun 01, 2025 3:25:32.3 PM GMT:ERROR:creative_new_tab_page_ads_util.cc(101)] Successfully saved creative set conversions
--------------------------------------------------------------------------------
[Jun 01, 2025 3:25:53.1 PM GMT:ERROR:creative_new_tab_page_ads_util.cc(114)] Successfully saved creative new tab page ads
[Jun 01, 2025 3:25:53.1 PM GMT:ERROR:creative_new_tab_page_ads_util.cc(101)] Successfully saved creative set conversions
--------------------------------------------------------------------------------
[Jun 01, 2025 3:26:41.8 PM GMT:ERROR:creative_new_tab_page_ads_util.cc(114)] Successfully saved creative new tab page ads
[Jun 01, 2025 3:26:41.8 PM GMT:ERROR:creative_new_tab_page_ads_util.cc(101)] Successfully saved creative set conversions
--------------------------------------------------------------------------------
[Jun 02, 2025 6:37:16.0 AM GMT:ERROR:creative_new_tab_page_ads_util.cc(114)] Successfully saved creative new tab page ads
[Jun 02, 2025 6:37:16.0 AM GMT:ERROR:creative_new_tab_page_ads_util.cc(101)] Successfully saved creative set conversions
[Jun 02, 2025 6:37:16.1 AM GMT:ERROR:creative_new_tab_page_ads_util.cc(114)] Successfully saved creative new tab page ads
[Jun 02, 2025 6:37:16.1 AM GMT:ERROR:creative_new_tab_page_ads_util.cc(101)] Successfully saved creative set conversions
--------------------------------------------------------------------------------
[Jun 02, 2025 6:44:22.0 AM GMT:ERROR:creative_new_tab_page_ads_util.cc(114)] Successfully saved creative new tab page ads
[Jun 02, 2025 6:44:22.0 AM GMT:ERROR:creative_new_tab_page_ads_util.cc(101)] Successfully saved creative set conversions
--------------------------------------------------------------------------------
[Jun 02, 2025 9:18:34.7 AM GMT:ERROR:creative_new_tab_page_ads_util.cc(114)] Successfully saved creative new tab page ads
[Jun 02, 2025 9:18:34.7 AM GMT:ERROR:creative_new_tab_page_ads_util.cc(101)] Successfully saved creative set conversions
--------------------------------------------------------------------------------
[Jun 02, 2025 10:14:27.3 AM GMT:ERROR:creative_new_tab_page_ads_util.cc(114)] Successfully saved creative new tab page ads
[Jun 02, 2025 10:14:27.3 AM GMT:ERROR:creative_new_tab_page_ads_util.cc(101)] Successfully saved creative set conversions
--------------------------------------------------------------------------------
[Jun 02, 2025 10:15:19.0 AM GMT:ERROR:creative_new_tab_page_ads_util.cc(114)] Successfully saved creative new tab page ads
[Jun 02, 2025 10:15:19.0 AM GMT:ERROR:creative_new_tab_page_ads_util.cc(101)] Successfully saved creative set conversions
--------------------------------------------------------------------------------
[Jun 02, 2025 10:15:40.4 AM GMT:ERROR:creative_new_tab_page_ads_util.cc(114)] Successfully saved creative new tab page ads
[Jun 02, 2025 10:15:40.4 AM GMT:ERROR:creative_new_tab_page_ads_util.cc(101)] Successfully saved creative set conversions
--------------------------------------------------------------------------------
[Jun 02, 2025 10:19:18.5 AM GMT:ERROR:creative_new_tab_page_ads_util.cc(114)] Successfully saved creative new tab page ads
[Jun 02, 2025 10:19:18.5 AM GMT:ERROR:creative_new_tab_page_ads_util.cc(101)] Successfully saved creative set conversions
--------------------------------------------------------------------------------
[Jun 02, 2025 12:47:26.6 PM GMT:ERROR:creative_new_tab_page_ads_util.cc(114)] Successfully saved creative new tab page ads
[Jun 02, 2025 12:47:26.6 PM GMT:ERROR:creative_new_tab_page_ads_util.cc(101)] Successfully saved creative set conversions
--------------------------------------------------------------------------------
[Jun 03, 2025 5:24:09.3 AM GMT:ERROR:creative_new_tab_page_ads_util.cc(114)] Successfully saved creative new tab page ads
[Jun 03, 2025 5:24:09.3 AM GMT:ERROR:creative_new_tab_page_ads_util.cc(101)] Successfully saved creative set conversions
[Jun 03, 2025 5:24:09.3 AM GMT:ERROR:creative_new_tab_page_ads_util.cc(114)] Successfully saved creative new tab page ads
[Jun 03, 2025 5:24:09.3 AM GMT:ERROR:creative_new_tab_page_ads_util.cc(101)] Successfully saved creative set conversions
--------------------------------------------------------------------------------
[Jun 03, 2025 9:13:20.4 AM GMT:ERROR:creative_new_tab_page_ads_util.cc(114)] Successfully saved creative new tab page ads
[Jun 03, 2025 9:13:20.4 AM GMT:ERROR:creative_new_tab_page_ads_util.cc(101)] Successfully saved creative set conversions
--------------------------------------------------------------------------------
[Jun 03, 2025 10:14:56.9 AM GMT:ERROR:creative_new_tab_page_ads_util.cc(114)] Successfully saved creative new tab page ads
[Jun 03, 2025 10:14:56.9 AM GMT:ERROR:creative_new_tab_page_ads_util.cc(101)] Successfully saved creative set conversions
--------------------------------------------------------------------------------
[Jun 03, 2025 10:44:42.2 AM GMT:ERROR:creative_new_tab_page_ads_util.cc(114)] Successfully saved creative new tab page ads
[Jun 03, 2025 10:44:42.2 AM GMT:ERROR:creative_new_tab_page_ads_util.cc(101)] Successfully saved creative set conversions
--------------------------------------------------------------------------------
[Jun 03, 2025 2:15:24.6 PM GMT:ERROR:creative_new_tab_page_ads_util.cc(114)] Successfully saved creative new tab page ads
[Jun 03, 2025 2:15:24.6 PM GMT:ERROR:creative_new_tab_page_ads_util.cc(101)] Successfully saved creative set conversions
--------------------------------------------------------------------------------
[Jun 04, 2025 6:17:29.4 AM GMT:ERROR:creative_new_tab_page_ads_util.cc(114)] Successfully saved creative new tab page ads
[Jun 04, 2025 6:17:29.4 AM GMT:ERROR:creative_new_tab_page_ads_util.cc(101)] Successfully saved creative set conversions
[Jun 04, 2025 6:17:29.4 AM GMT:ERROR:creative_new_tab_page_ads_util.cc(114)] Successfully saved creative new tab page ads
[Jun 04, 2025 6:17:29.4 AM GMT:ERROR:creative_new_tab_page_ads_util.cc(101)] Successfully saved creative set conversions
--------------------------------------------------------------------------------
[Jun 04, 2025 9:02:38.7 AM GMT:ERROR:creative_new_tab_page_ads_util.cc(114)] Successfully saved creative new tab page ads
[Jun 04, 2025 9:02:38.7 AM GMT:ERROR:creative_new_tab_page_ads_util.cc(101)] Successfully saved creative set conversions
[Jun 04, 2025 9:17:31.4 AM GMT:ERROR:creative_new_tab_page_ads_util.cc(114)] Successfully saved creative new tab page ads
[Jun 04, 2025 9:17:31.4 AM GMT:ERROR:creative_new_tab_page_ads_util.cc(101)] Successfully saved creative set conversions
--------------------------------------------------------------------------------
[Jun 04, 2025 11:37:19.4 AM GMT:ERROR:creative_new_tab_page_ads_util.cc(114)] Successfully saved creative new tab page ads
[Jun 04, 2025 11:37:19.4 AM GMT:ERROR:creative_new_tab_page_ads_util.cc(101)] Successfully saved creative set conversions
--------------------------------------------------------------------------------
[Jun 04, 2025 3:50:18.4 PM GMT:ERROR:creative_new_tab_page_ads_util.cc(114)] Successfully saved creative new tab page ads
[Jun 04, 2025 3:50:18.4 PM GMT:ERROR:creative_new_tab_page_ads_util.cc(101)] Successfully saved creative set conversions
--------------------------------------------------------------------------------
[Jun 05, 2025 6:51:35.1 AM GMT:ERROR:creative_new_tab_page_ads_util.cc(114)] Successfully saved creative new tab page ads
[Jun 05, 2025 6:51:35.1 AM GMT:ERROR:creative_new_tab_page_ads_util.cc(101)] Successfully saved creative set conversions
[Jun 05, 2025 6:51:35.1 AM GMT:ERROR:creative_new_tab_page_ads_util.cc(114)] Successfully saved creative new tab page ads
[Jun 05, 2025 6:51:35.1 AM GMT:ERROR:creative_new_tab_page_ads_util.cc(101)] Successfully saved creative set conversions
--------------------------------------------------------------------------------
[Jun 05, 2025 8:15:13.7 AM GMT:ERROR:creative_new_tab_page_ads_util.cc(114)] Successfully saved creative new tab page ads
[Jun 05, 2025 8:15:13.7 AM GMT:ERROR:creative_new_tab_page_ads_util.cc(101)] Successfully saved creative set conversions
[Jun 05, 2025 3:17:15.1 PM GMT:ERROR:creative_new_tab_page_ads_util.cc(114)] Successfully saved creative new tab page ads
[Jun 05, 2025 3:17:15.1 PM GMT:ERROR:creative_new_tab_page_ads_util.cc(101)] Successfully saved creative set conversions
--------------------------------------------------------------------------------
[Jun 06, 2025 4:24:40.2 AM GMT:ERROR:creative_new_tab_page_ads_util.cc(114)] Successfully saved creative new tab page ads
[Jun 06, 2025 4:24:40.2 AM GMT:ERROR:creative_new_tab_page_ads_util.cc(101)] Successfully saved creative set conversions
[Jun 06, 2025 4:24:40.2 AM GMT:ERROR:creative_new_tab_page_ads_util.cc(114)] Successfully saved creative new tab page ads
[Jun 06, 2025 4:24:40.2 AM GMT:ERROR:creative_new_tab_page_ads_util.cc(101)] Successfully saved creative set conversions
--------------------------------------------------------------------------------
[Jun 06, 2025 4:32:03.3 AM GMT:ERROR:creative_new_tab_page_ads_util.cc(114)] Successfully saved creative new tab page ads
[Jun 06, 2025 4:32:03.3 AM GMT:ERROR:creative_new_tab_page_ads_util.cc(101)] Successfully saved creative set conversions
--------------------------------------------------------------------------------
[Jun 06, 2025 4:52:38.4 PM GMT:ERROR:creative_new_tab_page_ads_util.cc(114)] Successfully saved creative new tab page ads
[Jun 06, 2025 4:52:38.4 PM GMT:ERROR:creative_new_tab_page_ads_util.cc(101)] Successfully saved creative set conversions
--------------------------------------------------------------------------------
[Jun 07, 2025 7:29:07.8 AM GMT:ERROR:creative_new_tab_page_ads_util.cc(114)] Successfully saved creative new tab page ads
[Jun 07, 2025 7:29:07.8 AM GMT:ERROR:creative_new_tab_page_ads_util.cc(101)] Successfully saved creative set conversions
[Jun 07, 2025 7:29:07.8 AM GMT:ERROR:creative_new_tab_page_ads_util.cc(114)] Successfully saved creative new tab page ads
[Jun 07, 2025 7:29:07.8 AM GMT:ERROR:creative_new_tab_page_ads_util.cc(101)] Successfully saved creative set conversions
--------------------------------------------------------------------------------
[Jun 07, 2025 2:07:59.9 PM GMT:ERROR:creative_new_tab_page_ads_util.cc(114)] Successfully saved creative new tab page ads
[Jun 07, 2025 2:07:59.9 PM GMT:ERROR:creative_new_tab_page_ads_util.cc(101)] Successfully saved creative set conversions
--------------------------------------------------------------------------------
[Jun 07, 2025 3:25:59.1 PM GMT:ERROR:creative_new_tab_page_ads_util.cc(114)] Successfully saved creative new tab page ads
[Jun 07, 2025 3:25:59.1 PM GMT:ERROR:creative_new_tab_page_ads_util.cc(101)] Successfully saved creative set conversions
--------------------------------------------------------------------------------
[Jun 08, 2025 4:57:44.9 AM GMT:ERROR:creative_new_tab_page_ads_util.cc(114)] Successfully saved creative new tab page ads
[Jun 08, 2025 4:57:44.9 AM GMT:ERROR:creative_new_tab_page_ads_util.cc(101)] Successfully saved creative set conversions
[Jun 08, 2025 4:57:44.9 AM GMT:ERROR:creative_new_tab_page_ads_util.cc(114)] Successfully saved creative new tab page ads
[Jun 08, 2025 4:57:44.9 AM GMT:ERROR:creative_new_tab_page_ads_util.cc(101)] Successfully saved creative set conversions
--------------------------------------------------------------------------------
[Jun 08, 2025 5:00:00.1 AM GMT:ERROR:creative_new_tab_page_ads_util.cc(114)] Successfully saved creative new tab page ads
[Jun 08, 2025 5:00:00.1 AM GMT:ERROR:creative_new_tab_page_ads_util.cc(101)] Successfully saved creative set conversions
--------------------------------------------------------------------------------
[Jun 09, 2025 5:12:37.6 AM GMT:ERROR:creative_new_tab_page_ads_util.cc(114)] Successfully saved creative new tab page ads
[Jun 09, 2025 5:12:37.6 AM GMT:ERROR:creative_new_tab_page_ads_util.cc(101)] Successfully saved creative set conversions
[Jun 09, 2025 5:12:37.6 AM GMT:ERROR:creative_new_tab_page_ads_util.cc(114)] Successfully saved creative new tab page ads
[Jun 09, 2025 5:12:37.6 AM GMT:ERROR:creative_new_tab_page_ads_util.cc(101)] Successfully saved creative set conversions
--------------------------------------------------------------------------------
[Jun 09, 2025 8:15:41.3 AM GMT:ERROR:creative_new_tab_page_ads_util.cc(114)] Successfully saved creative new tab page ads
[Jun 09, 2025 8:15:41.3 AM GMT:ERROR:creative_new_tab_page_ads_util.cc(101)] Successfully saved creative set conversions
--------------------------------------------------------------------------------
[Jun 09, 2025 8:37:35.1 AM GMT:ERROR:creative_new_tab_page_ads_util.cc(114)] Successfully saved creative new tab page ads
[Jun 09, 2025 8:37:35.1 AM GMT:ERROR:creative_new_tab_page_ads_util.cc(101)] Successfully saved creative set conversions
--------------------------------------------------------------------------------
[Jun 10, 2025 4:23:18.6 AM GMT:ERROR:creative_new_tab_page_ads_util.cc(114)] Successfully saved creative new tab page ads
[Jun 10, 2025 4:23:18.6 AM GMT:ERROR:creative_new_tab_page_ads_util.cc(101)] Successfully saved creative set conversions
[Jun 10, 2025 4:23:18.6 AM GMT:ERROR:creative_new_tab_page_ads_util.cc(114)] Successfully saved creative new tab page ads
[Jun 10, 2025 4:23:18.6 AM GMT:ERROR:creative_new_tab_page_ads_util.cc(101)] Successfully saved creative set conversions
--------------------------------------------------------------------------------
[Jun 10, 2025 5:37:56.1 AM GMT:ERROR:creative_new_tab_page_ads_util.cc(114)] Successfully saved creative new tab page ads
[Jun 10, 2025 5:37:56.1 AM GMT:ERROR:creative_new_tab_page_ads_util.cc(101)] Successfully saved creative set conversions
[Jun 11, 2025 4:36:07.9 AM GMT:ERROR:creative_new_tab_page_ads_util.cc(114)] Successfully saved creative new tab page ads
[Jun 11, 2025 4:36:07.9 AM GMT:ERROR:creative_new_tab_page_ads_util.cc(101)] Successfully saved creative set conversions
--------------------------------------------------------------------------------
[Jun 11, 2025 6:52:36.0 AM GMT:ERROR:creative_new_tab_page_ads_util.cc(114)] Successfully saved creative new tab page ads
[Jun 11, 2025 6:52:36.0 AM GMT:ERROR:creative_new_tab_page_ads_util.cc(101)] Successfully saved creative set conversions
--------------------------------------------------------------------------------
[Jun 12, 2025 5:07:29.1 AM GMT:ERROR:creative_new_tab_page_ads_util.cc(114)] Successfully saved creative new tab page ads
[Jun 12, 2025 5:07:29.1 AM GMT:ERROR:creative_new_tab_page_ads_util.cc(101)] Successfully saved creative set conversions
[Jun 12, 2025 5:07:32.3 AM GMT:ERROR:creative_new_tab_page_ads_util.cc(114)] Successfully saved creative new tab page ads
[Jun 12, 2025 5:07:32.3 AM GMT:ERROR:creative_new_tab_page_ads_util.cc(101)] Successfully saved creative set conversions
--------------------------------------------------------------------------------
[Jun 12, 2025 5:17:40.4 AM GMT:ERROR:creative_new_tab_page_ads_util.cc(114)] Successfully saved creative new tab page ads
[Jun 12, 2025 5:17:40.4 AM GMT:ERROR:creative_new_tab_page_ads_util.cc(101)] Successfully saved creative set conversions
--------------------------------------------------------------------------------
[Jun 12, 2025 6:00:18.7 AM GMT:ERROR:creative_new_tab_page_ads_util.cc(114)] Successfully saved creative new tab page ads
[Jun 12, 2025 6:00:18.7 AM GMT:ERROR:creative_new_tab_page_ads_util.cc(101)] Successfully saved creative set conversions
--------------------------------------------------------------------------------
[Jun 12, 2025 6:27:21.9 AM GMT:ERROR:creative_new_tab_page_ads_util.cc(114)] Successfully saved creative new tab page ads
[Jun 12, 2025 6:27:21.9 AM GMT:ERROR:creative_new_tab_page_ads_util.cc(101)] Successfully saved creative set conversions
--------------------------------------------------------------------------------
[Jun 12, 2025 6:30:58.5 AM GMT:ERROR:creative_new_tab_page_ads_util.cc(114)] Successfully saved creative new tab page ads
[Jun 12, 2025 6:30:58.5 AM GMT:ERROR:creative_new_tab_page_ads_util.cc(101)] Successfully saved creative set conversions
--------------------------------------------------------------------------------
[Jun 12, 2025 6:33:14.9 AM GMT:ERROR:creative_new_tab_page_ads_util.cc(114)] Successfully saved creative new tab page ads
[Jun 12, 2025 6:33:15.0 AM GMT:ERROR:creative_new_tab_page_ads_util.cc(101)] Successfully saved creative set conversions
--------------------------------------------------------------------------------
[Jun 12, 2025 6:40:10.9 AM GMT:ERROR:creative_new_tab_page_ads_util.cc(114)] Successfully saved creative new tab page ads
[Jun 12, 2025 6:40:10.9 AM GMT:ERROR:creative_new_tab_page_ads_util.cc(101)] Successfully saved creative set conversions
--------------------------------------------------------------------------------
[Jun 12, 2025 9:17:53.2 AM GMT:ERROR:creative_new_tab_page_ads_util.cc(114)] Successfully saved creative new tab page ads
[Jun 12, 2025 9:17:53.2 AM GMT:ERROR:creative_new_tab_page_ads_util.cc(101)] Successfully saved creative set conversions
--------------------------------------------------------------------------------
[Jun 13, 2025 5:31:02.8 AM GMT:ERROR:creative_new_tab_page_ads_util.cc(114)] Successfully saved creative new tab page ads
[Jun 13, 2025 5:31:02.8 AM GMT:ERROR:creative_new_tab_page_ads_util.cc(101)] Successfully saved creative set conversions
[Jun 13, 2025 5:31:02.8 AM GMT:ERROR:creative_new_tab_page_ads_util.cc(114)] Successfully saved creative new tab page ads
[Jun 13, 2025 5:31:02.8 AM GMT:ERROR:creative_new_tab_page_ads_util.cc(101)] Successfully saved creative set conversions
--------------------------------------------------------------------------------
[Jun 13, 2025 5:40:20.1 AM GMT:ERROR:creative_new_tab_page_ads_util.cc(114)] Successfully saved creative new tab page ads
[Jun 13, 2025 5:40:20.1 AM GMT:ERROR:creative_new_tab_page_ads_util.cc(101)] Successfully saved creative set conversions
--------------------------------------------------------------------------------
[Jun 13, 2025 5:51:14.2 AM GMT:ERROR:creative_new_tab_page_ads_util.cc(114)] Successfully saved creative new tab page ads
[Jun 13, 2025 5:51:14.2 AM GMT:ERROR:creative_new_tab_page_ads_util.cc(101)] Successfully saved creative set conversions
